0 info it worked if it ends with ok
1 verbose cli [ '/usr/local/bin/node', '/usr/local/bin/npm', 'run', 'watch' ]
2 info using npm@1.4.28
3 info using node@v0.10.32
4 verbose run-script [ 'prewatch', 'watch', 'postwatch' ]
5 info prewatch thresh@1.0.0
6 info watch thresh@1.0.0
7 verbose unsafe-perm in lifecycle true
8 info thresh@1.0.0 Failed to exec watch script
9 error thresh@1.0.0 watch: `watchify browser-build.js -o build/scrollend.js`
9 error Exit status 8
10 error Failed at the thresh@1.0.0 watch script.
10 error This is most likely a problem with the thresh package,
10 error not with npm itself.
10 error Tell the author that this fails on your system:
10 error     watchify browser-build.js -o build/scrollend.js
10 error You can get their info via:
10 error     npm owner ls thresh
10 error There is likely additional logging output above.
11 error System Darwin 13.4.0
12 error command "/usr/local/bin/node" "/usr/local/bin/npm" "run" "watch"
13 error cwd /Users/talon/Play/legittalon.github.io/js/src/thresh
14 error node -v v0.10.32
15 error npm -v 1.4.28
16 error code ELIFECYCLE
17 verbose exit [ 1, true ]
